<?xml version="1.0" encoding="UTF-8"?>
<!-- Generated by org.testng.reporters.JUnitReportReporter -->
<testsuite hostname="DESKTOP-KB4U53U" failures="0" tests="2" name="bddCocumberRunnerFile.RunnerFile" time="83.827" errors="0" timestamp="2023-12-10T20:24:49 IST" skipped="0">
  <testcase classname="bddCocumberRunnerFile.RunnerFile" name="runScenario" time="17.972"/>
  <testcase classname="bddCocumberRunnerFile.RunnerFile" name="runScenario" time="65.855"/>
</testsuite> <!-- bddCocumberRunnerFile.RunnerFile -->
